1744057192.613695 client started (56332): version 3.5a, socket /private/tmp/tmux-503/default, protocol 8
1744057192.613802 on Darwin 24.2.0 Darwin Kernel Version 24.2.0: Fri Dec  6 19:01:59 PST 2024; root:xnu-11215.61.5~2/RELEASE_ARM64_T6000
1744057192.613815 using libevent 2.1.12-stable select
1744057192.613847 using utf8proc 2.10.0
1744057192.613852 using ncurses 6.5 20240427
1744057192.613870 flags are 0x10010000
1744057192.613875 socket is /private/tmp/tmux-503/default
1744057192.613889 trying connect
1744057192.613945 add peer 0x138048000: 6 (0x0)
1744057192.615691 sending message 111 to peer 0x138048000 (8 bytes)
1744057192.615701 sending message 111 to peer 0x138048000 (8 bytes)
1744057192.615706 sending message 101 to peer 0x138048000 (14 bytes)
1744057192.615710 sending message 109 to peer 0x138048000 (4 bytes)
1744057192.615715 sending message 102 to peer 0x138048000 (13 bytes)
1744057192.615719 sending message 108 to peer 0x138048000 (52 bytes)
1744057192.615724 sending message 112 to peer 0x138048000 (70 bytes)
1744057192.615728 sending message 112 to peer 0x138048000 (5 bytes)
1744057192.615732 sending message 112 to peer 0x138048000 (5 bytes)
1744057192.615736 sending message 112 to peer 0x138048000 (6 bytes)
1744057192.615740 sending message 112 to peer 0x138048000 (6 bytes)
1744057192.615743 sending message 112 to peer 0x138048000 (11 bytes)
1744057192.615748 sending message 112 to peer 0x138048000 (10 bytes)
1744057192.615752 sending message 112 to peer 0x138048000 (13 bytes)
1744057192.615756 sending message 112 to peer 0x138048000 (13 bytes)
1744057192.615760 sending message 112 to peer 0x138048000 (18 bytes)
1744057192.615764 sending message 112 to peer 0x138048000 (11 bytes)
1744057192.615768 sending message 112 to peer 0x138048000 (10 bytes)
1744057192.615772 sending message 112 to peer 0x138048000 (15 bytes)
1744057192.615776 sending message 112 to peer 0x138048000 (21 bytes)
1744057192.615780 sending message 112 to peer 0x138048000 (13 bytes)
1744057192.615783 sending message 112 to peer 0x138048000 (7 bytes)
1744057192.615787 sending message 112 to peer 0x138048000 (13 bytes)
1744057192.615791 sending message 112 to peer 0x138048000 (7 bytes)
1744057192.615795 sending message 112 to peer 0x138048000 (13 bytes)
1744057192.615799 sending message 112 to peer 0x138048000 (9 bytes)
1744057192.615803 sending message 112 to peer 0x138048000 (21 bytes)
1744057192.615807 sending message 112 to peer 0x138048000 (13 bytes)
1744057192.615811 sending message 112 to peer 0x138048000 (8 bytes)
1744057192.615815 sending message 112 to peer 0x138048000 (12 bytes)
1744057192.615819 sending message 112 to peer 0x138048000 (13 bytes)
1744057192.615823 sending message 112 to peer 0x138048000 (9 bytes)
1744057192.615828 sending message 112 to peer 0x138048000 (9 bytes)
1744057192.615832 sending message 112 to peer 0x138048000 (12 bytes)
1744057192.615836 sending message 112 to peer 0x138048000 (8 bytes)
1744057192.615839 sending message 112 to peer 0x138048000 (7 bytes)
1744057192.615843 sending message 112 to peer 0x138048000 (7 bytes)
1744057192.615847 sending message 112 to peer 0x138048000 (9 bytes)
1744057192.615851 sending message 112 to peer 0x138048000 (13 bytes)
1744057192.615855 sending message 112 to peer 0x138048000 (6 bytes)
1744057192.615859 sending message 112 to peer 0x138048000 (9 bytes)
1744057192.615863 sending message 112 to peer 0x138048000 (13 bytes)
1744057192.615867 sending message 112 to peer 0x138048000 (12 bytes)
1744057192.615871 sending message 112 to peer 0x138048000 (8 bytes)
1744057192.615875 sending message 112 to peer 0x138048000 (9 bytes)
1744057192.615879 sending message 112 to peer 0x138048000 (10 bytes)
1744057192.615883 sending message 112 to peer 0x138048000 (10 bytes)
1744057192.615887 sending message 112 to peer 0x138048000 (10 bytes)
1744057192.615891 sending message 112 to peer 0x138048000 (10 bytes)
1744057192.615895 sending message 112 to peer 0x138048000 (11 bytes)
1744057192.615899 sending message 112 to peer 0x138048000 (10 bytes)
1744057192.615903 sending message 112 to peer 0x138048000 (8 bytes)
1744057192.615915 sending message 112 to peer 0x138048000 (11 bytes)
1744057192.615918 sending message 112 to peer 0x138048000 (11 bytes)
1744057192.615921 sending message 112 to peer 0x138048000 (11 bytes)
1744057192.615924 sending message 112 to peer 0x138048000 (8 bytes)
1744057192.615927 sending message 112 to peer 0x138048000 (8 bytes)
1744057192.615930 sending message 112 to peer 0x138048000 (8 bytes)
1744057192.615933 sending message 112 to peer 0x138048000 (10 bytes)
1744057192.615936 sending message 112 to peer 0x138048000 (10 bytes)
1744057192.615939 sending message 112 to peer 0x138048000 (10 bytes)
1744057192.615941 sending message 112 to peer 0x138048000 (10 bytes)
1744057192.615944 sending message 112 to peer 0x138048000 (10 bytes)
1744057192.615947 sending message 112 to peer 0x138048000 (11 bytes)
1744057192.615950 sending message 112 to peer 0x138048000 (11 bytes)
1744057192.615953 sending message 112 to peer 0x138048000 (10 bytes)
1744057192.615956 sending message 112 to peer 0x138048000 (9 bytes)
1744057192.615959 sending message 112 to peer 0x138048000 (9 bytes)
1744057192.615962 sending message 112 to peer 0x138048000 (12 bytes)
1744057192.615965 sending message 112 to peer 0x138048000 (9 bytes)
1744057192.615968 sending message 112 to peer 0x138048000 (6 bytes)
1744057192.615971 sending message 112 to peer 0x138048000 (8 bytes)
1744057192.615974 sending message 112 to peer 0x138048000 (15 bytes)
1744057192.615977 sending message 112 to peer 0x138048000 (13 bytes)
1744057192.615980 sending message 112 to peer 0x138048000 (9 bytes)
1744057192.615983 sending message 112 to peer 0x138048000 (70 bytes)
1744057192.615986 sending message 112 to peer 0x138048000 (69 bytes)
1744057192.615989 sending message 112 to peer 0x138048000 (10 bytes)
1744057192.615991 sending message 112 to peer 0x138048000 (10 bytes)
1744057192.615994 sending message 112 to peer 0x138048000 (8 bytes)
1744057192.615997 sending message 112 to peer 0x138048000 (15 bytes)
1744057192.616000 sending message 112 to peer 0x138048000 (13 bytes)
1744057192.616003 sending message 112 to peer 0x138048000 (10 bytes)
1744057192.616006 sending message 112 to peer 0x138048000 (10 bytes)
1744057192.616009 sending message 112 to peer 0x138048000 (13 bytes)
1744057192.616012 sending message 112 to peer 0x138048000 (9 bytes)
1744057192.616015 sending message 112 to peer 0x138048000 (5 bytes)
1744057192.616018 sending message 112 to peer 0x138048000 (5 bytes)
1744057192.616025 sending message 104 to peer 0x138048000 (0 bytes)
1744057192.616028 sending message 110 to peer 0x138048000 (0 bytes)
1744057192.616031 sending message 107 to peer 0x138048000 (4 bytes)
1744057192.616034 sending message 105 to peer 0x138048000 (11 bytes)
1744057192.616037 sending message 105 to peer 0x138048000 (15 bytes)
1744057192.616040 sending message 105 to peer 0x138048000 (20 bytes)
1744057192.616043 sending message 105 to peer 0x138048000 (22 bytes)
1744057192.616046 sending message 105 to peer 0x138048000 (11 bytes)
1744057192.616049 sending message 105 to peer 0x138048000 (41 bytes)
1744057192.616052 sending message 105 to peer 0x138048000 (28 bytes)
1744057192.616055 sending message 105 to peer 0x138048000 (29 bytes)
1744057192.616058 sending message 105 to peer 0x138048000 (29 bytes)
1744057192.616061 sending message 105 to peer 0x138048000 (37 bytes)
1744057192.616064 sending message 105 to peer 0x138048000 (30 bytes)
1744057192.616067 sending message 105 to peer 0x138048000 (34 bytes)
1744057192.616070 sending message 105 to peer 0x138048000 (60 bytes)
1744057192.616073 sending message 105 to peer 0x138048000 (22 bytes)
1744057192.616076 sending message 105 to peer 0x138048000 (61 bytes)
1744057192.616079 sending message 105 to peer 0x138048000 (17 bytes)
1744057192.616082 sending message 105 to peer 0x138048000 (19 bytes)
1744057192.616085 sending message 105 to peer 0x138048000 (27 bytes)
1744057192.616088 sending message 105 to peer 0x138048000 (25 bytes)
1744057192.616091 sending message 105 to peer 0x138048000 (54 bytes)
1744057192.616094 sending message 105 to peer 0x138048000 (63 bytes)
1744057192.616102 sending message 105 to peer 0x138048000 (16 bytes)
1744057192.616105 sending message 105 to peer 0x138048000 (37 bytes)
1744057192.616108 sending message 105 to peer 0x138048000 (72 bytes)
1744057192.616110 sending message 105 to peer 0x138048000 (59 bytes)
1744057192.616114 sending message 105 to peer 0x138048000 (442 bytes)
1744057192.616117 sending message 105 to peer 0x138048000 (56 bytes)
1744057192.616120 sending message 105 to peer 0x138048000 (24 bytes)
1744057192.616123 sending message 105 to peer 0x138048000 (15 bytes)
1744057192.616126 sending message 105 to peer 0x138048000 (8 bytes)
1744057192.616129 sending message 105 to peer 0x138048000 (86 bytes)
1744057192.616131 sending message 105 to peer 0x138048000 (66 bytes)
1744057192.616134 sending message 105 to peer 0x138048000 (19 bytes)
1744057192.616137 sending message 105 to peer 0x138048000 (86 bytes)
1744057192.616140 sending message 105 to peer 0x138048000 (42 bytes)
1744057192.616143 sending message 105 to peer 0x138048000 (18 bytes)
1744057192.616146 sending message 105 to peer 0x138048000 (26 bytes)
1744057192.616149 sending message 105 to peer 0x138048000 (60 bytes)
1744057192.616152 sending message 105 to peer 0x138048000 (57 bytes)
1744057192.616155 sending message 105 to peer 0x138048000 (43 bytes)
1744057192.616158 sending message 105 to peer 0x138048000 (13 bytes)
1744057192.616161 sending message 105 to peer 0x138048000 (22 bytes)
1744057192.616163 sending message 105 to peer 0x138048000 (11 bytes)
1744057192.616166 sending message 105 to peer 0x138048000 (14 bytes)
1744057192.616169 sending message 105 to peer 0x138048000 (19 bytes)
1744057192.616172 sending message 105 to peer 0x138048000 (43 bytes)
1744057192.616175 sending message 105 to peer 0x138048000 (32 bytes)
1744057192.616178 sending message 105 to peer 0x138048000 (115 bytes)
1744057192.616181 sending message 105 to peer 0x138048000 (70 bytes)
1744057192.616184 sending message 105 to peer 0x138048000 (25 bytes)
1744057192.616187 sending message 106 to peer 0x138048000 (0 bytes)
1744057192.616249 sending message 200 to peer 0x138048000 (4 bytes)
1744057192.616254 client loop enter
1744057192.616478 peer 0x138048000 message 303
1744057192.616526 open write file 2 -
1744057192.616553 sending message 305 to peer 0x138048000 (8 bytes)
1744057192.616568 write check file 2
1744057192.616660 peer 0x138048000 message 304
1744057192.616677 write 58 to file 2
1744057192.616698 peer 0x138048000 message 203
1744057192.616706 file 2 58 bytes left
1744057192.616723 write check file 2
1744057192.616727 client loop exit
